2025-01-04 11:20:52,287 [INFO] Activator:176 - 


2025-01-04 11:20:52,289 [INFO] Activator:177 - !SESSION log4j initialized
2025-01-04 11:20:57,001 [INFO] LogOutputStream:77 - [STDOUT_REDIRECT] 
2025-01-04 11:21:01,853 [INFO] ApplicationProperties:184 - Using Application install path: C:\ST\STM32CubeIDE_1.16.1\STM32CubeIDE\plugins\com.st.stm32cube.common.mx_6.12.1.202409122256
2025-01-04 11:21:01,881 [INFO] DbMcusXml:78 - Set database path to: C:\ST\STM32CubeIDE_1.16.1\STM32CubeIDE\plugins\com.st.stm32cube.common.mx_6.12.1.202409122256\\db\/mcu/
2025-01-04 11:21:01,882 [INFO] ApiDb:274 - Set plugin database path to: C:\ST\STM32CubeIDE_1.16.1\STM32CubeIDE\plugins\com.st.stm32cube.common.mx_6.12.1.202409122256\\db\/plugins/boardmanager/
2025-01-04 11:21:01,883 [WARN] ApiDb:259 - Overriding images path with different value:  => C:\ST\STM32CubeIDE_1.16.1\STM32CubeIDE\plugins\com.st.stm32cube.common.mx_6.12.1.202409122256\\db\/plugins/mcufinder/images/
2025-01-04 11:21:01,900 [INFO] ApiDb:250 - Set database path to: C:\Users\arthu\.stmcufinder\plugins\mcufinder//mcu/
2025-01-04 11:21:01,902 [INFO] DbMcusAds:125 - Set database path to: C:\Users\arthu\.stmcufinder\plugins\mcufinder//mcu/
2025-01-04 11:21:01,907 [INFO] CrossReferenceDbSqlite:203 - Set database path to: C:\Users\arthu\.stmcufinder\plugins\mcufinder//mcu/cs/
2025-01-04 11:21:02,086 [INFO] RulesReader:64 - Compatibility file has been processed (297 Rules)
2025-01-04 11:21:02,232 [INFO] DbMcusXml:78 - Set database path to: C:\ST\STM32CubeIDE_1.16.1\STM32CubeIDE\plugins\com.st.stm32cube.common.mx_6.12.1.202409122256\\db\/mcu/
2025-01-04 11:21:02,233 [INFO] ApiDb:274 - Set plugin database path to: C:\ST\STM32CubeIDE_1.16.1\STM32CubeIDE\plugins\com.st.stm32cube.common.mx_6.12.1.202409122256\\db\/plugins/boardmanager/
2025-01-04 11:21:02,233 [INFO] ApiDb:261 - Set plugin images path to: C:\ST\STM32CubeIDE_1.16.1\STM32CubeIDE\plugins\com.st.stm32cube.common.mx_6.12.1.202409122256\\db\/plugins/mcufinder/images/
2025-01-04 11:21:02,233 [WARN] DbFile:41 - Overriding database path with different value: C:\Users\arthu\.stmcufinder\plugins\mcufinder/ => C:\Users\arthu\.stmcufinder\plugins\mcufinder
2025-01-04 11:21:02,233 [INFO] ApiDb:250 - Set database path to: C:\Users\arthu\.stmcufinder\plugins\mcufinder//mcu/
2025-01-04 11:21:02,234 [WARN] DbFile:41 - Overriding database path with different value: C:\Users\arthu\.stmcufinder\plugins\mcufinder/ => C:\Users\arthu\.stmcufinder\plugins\mcufinder
2025-01-04 11:21:02,234 [INFO] DbMcusAds:125 - Set database path to: C:\Users\arthu\.stmcufinder\plugins\mcufinder//mcu/
2025-01-04 11:21:02,234 [WARN] DbFile:41 - Overriding database path with different value: C:\Users\arthu\.stmcufinder\plugins\mcufinder/ => C:\Users\arthu\.stmcufinder\plugins\mcufinder
2025-01-04 11:21:02,234 [WARN] DbFile:41 - Overriding database path with different value: C:\Users\arthu\.stmcufinder\plugins\mcufinder/ => C:\Users\arthu\.stmcufinder\plugins\mcufinder
2025-01-04 11:21:02,234 [INFO] CrossReferenceDbSqlite:203 - Set database path to: C:\Users\arthu\.stmcufinder\plugins\mcufinder//mcu/cs/
2025-01-04 11:21:02,376 [INFO] MainPanel:268 - HeapMemory: 268435456
2025-01-04 11:21:02,557 [INFO] DbMcusXml:78 - Set database path to: C:\ST\STM32CubeIDE_1.16.1\STM32CubeIDE\plugins\com.st.stm32cube.common.mx_6.12.1.202409122256\\db\/mcu/
2025-01-04 11:21:02,557 [INFO] ApiDb:274 - Set plugin database path to: C:\ST\STM32CubeIDE_1.16.1\STM32CubeIDE\plugins\com.st.stm32cube.common.mx_6.12.1.202409122256\\db\/plugins/boardmanager/
2025-01-04 11:21:02,557 [INFO] ApiDb:261 - Set plugin images path to: C:\ST\STM32CubeIDE_1.16.1\STM32CubeIDE\plugins\com.st.stm32cube.common.mx_6.12.1.202409122256\\db\/plugins/mcufinder/images/
2025-01-04 11:21:02,557 [WARN] DbFile:41 - Overriding database path with different value: C:\Users\arthu\.stmcufinder\plugins\mcufinder/ => C:\Users\arthu\.stmcufinder\plugins\mcufinder
2025-01-04 11:21:02,558 [INFO] ApiDb:250 - Set database path to: C:\Users\arthu\.stmcufinder\plugins\mcufinder//mcu/
2025-01-04 11:21:02,558 [WARN] DbFile:41 - Overriding database path with different value: C:\Users\arthu\.stmcufinder\plugins\mcufinder/ => C:\Users\arthu\.stmcufinder\plugins\mcufinder
2025-01-04 11:21:02,558 [INFO] DbMcusAds:125 - Set database path to: C:\Users\arthu\.stmcufinder\plugins\mcufinder//mcu/
2025-01-04 11:21:02,558 [WARN] DbFile:41 - Overriding database path with different value: C:\Users\arthu\.stmcufinder\plugins\mcufinder/ => C:\Users\arthu\.stmcufinder\plugins\mcufinder
2025-01-04 11:21:02,558 [WARN] DbFile:41 - Overriding database path with different value: C:\Users\arthu\.stmcufinder\plugins\mcufinder/ => C:\Users\arthu\.stmcufinder\plugins\mcufinder
2025-01-04 11:21:02,558 [INFO] CrossReferenceDbSqlite:203 - Set database path to: C:\Users\arthu\.stmcufinder\plugins\mcufinder//mcu/cs/
2025-01-04 11:21:02,589 [INFO] ApplicationProperties:184 - Using Application install path: C:\ST\STM32CubeIDE_1.16.1\STM32CubeIDE\plugins\com.st.stm32cube.common.mx_6.12.1.202409122256
2025-01-04 11:21:02,592 [INFO] PluginManage:196 - Search for loadable plugins [exclusion list=, ]
2025-01-04 11:21:02,595 [INFO] PluginManage:310 - Check plugin analytics
2025-01-04 11:21:02,904 [INFO] AnalyticsPlugin:253 - Accepted Software Licenses: 
2025-01-04 11:21:02,905 [INFO] AnalyticsPlugin:255 - Accepted CMSIS Pack Licenses: 
2025-01-04 11:21:02,906 [INFO] AnalyticsPlugin:257 - Accepted Firmware Licenses: FW.F7.1.17.0
2025-01-04 11:21:02,911 [INFO] PluginManage:359 - Loaded plugin analytics (category:tool,tabindex:-1)
2025-01-04 11:21:02,911 [INFO] PluginManage:310 - Check plugin cadmodel
2025-01-04 11:21:02,940 [INFO] CADModel:105 - Init CAD model plugin
2025-01-04 11:21:02,940 [INFO] PluginManage:359 - Loaded plugin cadmodel (category:power,tabindex:5)
2025-01-04 11:21:02,940 [INFO] PluginManage:310 - Check plugin clock
2025-01-04 11:21:02,974 [INFO] PluginManage:359 - Loaded plugin clock (category:base,tabindex:2)
2025-01-04 11:21:02,974 [INFO] PluginManage:310 - Check plugin ddr
2025-01-04 11:21:02,979 [INFO] PluginManage:359 - Loaded plugin ddr (category:tool,tabindex:6)
2025-01-04 11:21:02,979 [INFO] PluginManage:310 - Check plugin filemanager
2025-01-04 11:21:03,233 [INFO] PluginManage:359 - Loaded plugin filemanager (category:base,tabindex:10)
2025-01-04 11:21:03,233 [INFO] PluginManage:310 - Check plugin ipmanager
2025-01-04 11:21:03,244 [INFO] PluginManage:359 - Loaded plugin ipmanager (category:base,tabindex:5)
2025-01-04 11:21:03,244 [INFO] PluginManage:310 - Check plugin lpbam
2025-01-04 11:21:03,274 [INFO] PluginManage:359 - Loaded plugin lpbam (category:base,tabindex:0)
2025-01-04 11:21:03,274 [INFO] PluginManage:310 - Check plugin memorymap
2025-01-04 11:21:03,314 [INFO] PluginManage:359 - Loaded plugin memorymap (category:base,tabindex:4)
2025-01-04 11:21:03,316 [INFO] PluginManage:310 - Check plugin pinoutandconfiguration
2025-01-04 11:21:03,346 [INFO] PluginManage:359 - Loaded plugin pinoutandconfiguration (category:base,tabindex:1)
2025-01-04 11:21:03,346 [INFO] PluginManage:310 - Check plugin pinoutconfig
2025-01-04 11:21:03,507 [WARN] SupportedApi:132 - Cannot load RTOS API schema: s4s-elt-must-match.1: The content of 'definitions' must match (annotation?, (simpleType | complexType)?, (unique | key | keyref)*)). A problem was found starting at: attribute.
2025-01-04 11:21:03,727 [INFO] PluginManage:359 - Loaded plugin pinoutconfig (category:base,tabindex:0)
2025-01-04 11:21:03,727 [INFO] PluginManage:310 - Check plugin power
2025-01-04 11:21:03,767 [INFO] PluginManage:359 - Loaded plugin power (category:power,tabindex:4)
2025-01-04 11:21:03,767 [INFO] PluginManage:310 - Check plugin projectmanager
2025-01-04 11:21:03,790 [INFO] PluginManage:359 - Loaded plugin projectmanager (category:projectmanager,tabindex:4)
2025-01-04 11:21:03,791 [INFO] PluginManage:310 - Check plugin rif
2025-01-04 11:21:03,818 [INFO] PluginManage:359 - Loaded plugin rif (category:base,tabindex:3)
2025-01-04 11:21:03,818 [INFO] PluginManage:310 - Check plugin thirdparty
2025-01-04 11:21:04,301 [INFO] PluginManage:359 - Loaded plugin thirdparty (category:base,tabindex:-1)
2025-01-04 11:21:04,301 [INFO] PluginManage:310 - Check plugin tools
2025-01-04 11:21:04,301 [WARN] IntegrityCheckThread:84 - waiting for thirdparty lock release [integrity check]
2025-01-04 11:21:04,302 [INFO] IntegrityCheckThread:86 - entering critical section [integrity check]
2025-01-04 11:21:04,302 [INFO] ThirdPartyUpdaterWithRetryManager:70 - Updater plugin not ready yet. [1/15]
2025-01-04 11:21:04,370 [INFO] PluginManage:359 - Loaded plugin tools (category:base,tabindex:7)
2025-01-04 11:21:04,370 [INFO] PluginManage:310 - Check plugin tutovideos
2025-01-04 11:21:04,681 [INFO] PluginManage:359 - Loaded plugin tutovideos (category:base,tabindex:-1)
2025-01-04 11:21:04,681 [INFO] PluginManage:310 - Check plugin updater
2025-01-04 11:21:04,733 [INFO] PluginManage:359 - Loaded plugin updater (category:base,tabindex:12)
2025-01-04 11:21:04,733 [INFO] PluginManage:310 - Check plugin userauth
2025-01-04 11:21:04,743 [INFO] UserAuth:113 - Init User Auth plugin
2025-01-04 11:21:04,743 [INFO] PluginManage:359 - Loaded plugin userauth (category:base,tabindex:14)
2025-01-04 11:21:04,744 [INFO] PluginManage:283 - PluginManage : Loaded plugins [18]
2025-01-04 11:21:05,119 [INFO] PinOutPanel:1561 - setPackage(No Configuration,No Configuration)
2025-01-04 11:21:05,258 [INFO] CADModel:165 - CPN selected for project level
2025-01-04 11:21:05,258 [INFO] CADModel:114 - Register for checkConnection events
2025-01-04 11:21:05,302 [INFO] IPUIPlugin:80 - create IPUIPlugin
2025-01-04 11:21:05,303 [INFO] PluginManager:220 - loadIPPluginJar : add adc
2025-01-04 11:21:05,382 [INFO] IPUIPlugin:80 - create IPUIPlugin
2025-01-04 11:21:05,382 [INFO] PluginManager:220 - loadIPPluginJar : add aes
2025-01-04 11:21:05,471 [INFO] IPUIPlugin:80 - create IPUIPlugin
2025-01-04 11:21:05,471 [INFO] PluginManager:220 - loadIPPluginJar : add can
2025-01-04 11:21:05,533 [INFO] IPUIPlugin:80 - create IPUIPlugin
2025-01-04 11:21:05,533 [INFO] PluginManager:220 - loadIPPluginJar : add comp
2025-01-04 11:21:05,605 [INFO] IPUIPlugin:80 - create IPUIPlugin
2025-01-04 11:21:05,606 [INFO] PluginManager:220 - loadIPPluginJar : add cryp
2025-01-04 11:21:05,628 [INFO] IPUIPlugin:80 - create IPUIPlugin
2025-01-04 11:21:05,628 [INFO] PluginManager:220 - loadIPPluginJar : add ddr_ctrl_phy
2025-01-04 11:21:05,696 [INFO] IPUIPlugin:80 - create IPUIPlugin
2025-01-04 11:21:05,697 [INFO] PluginManager:220 - loadIPPluginJar : add dfsdm
2025-01-04 11:21:05,723 [INFO] IPUIPlugin:80 - create IPUIPlugin
2025-01-04 11:21:05,724 [INFO] PluginManager:220 - loadIPPluginJar : add dma
2025-01-04 11:21:05,819 [INFO] IPUIPlugin:80 - create IPUIPlugin
2025-01-04 11:21:05,819 [INFO] PluginManager:220 - loadIPPluginJar : add dma3
2025-01-04 11:21:05,901 [INFO] IPUIPlugin:80 - create IPUIPlugin
2025-01-04 11:21:05,901 [INFO] PluginManager:220 - loadIPPluginJar : add extmemmanager
2025-01-04 11:21:05,946 [INFO] IPUIPlugin:80 - create IPUIPlugin
2025-01-04 11:21:05,946 [INFO] PluginManager:220 - loadIPPluginJar : add fatfs
2025-01-04 11:21:06,039 [INFO] IPUIPlugin:80 - create IPUIPlugin
2025-01-04 11:21:06,039 [INFO] PluginManager:220 - loadIPPluginJar : add fmc
2025-01-04 11:21:06,062 [INFO] IPUIPlugin:80 - create IPUIPlugin
2025-01-04 11:21:06,062 [INFO] PluginManager:220 - loadIPPluginJar : add freertos
2025-01-04 11:21:06,098 [INFO] IPUIPlugin:80 - create IPUIPlugin
2025-01-04 11:21:06,098 [INFO] PluginManager:220 - loadIPPluginJar : add genericplugin
2025-01-04 11:21:06,254 [INFO] IPUIPlugin:80 - create IPUIPlugin
2025-01-04 11:21:06,254 [INFO] PluginManager:220 - loadIPPluginJar : add gfxmmu
2025-01-04 11:21:06,466 [INFO] IPUIPlugin:80 - create IPUIPlugin
2025-01-04 11:21:06,467 [INFO] PluginManager:220 - loadIPPluginJar : add gic
2025-01-04 11:21:06,499 [INFO] IPUIPlugin:80 - create IPUIPlugin
2025-01-04 11:21:06,499 [INFO] PluginManager:220 - loadIPPluginJar : add gpio
2025-01-04 11:21:06,633 [INFO] IPUIPlugin:80 - create IPUIPlugin
2025-01-04 11:21:06,633 [INFO] PluginManager:220 - loadIPPluginJar : add gtzc
2025-01-04 11:21:06,697 [INFO] IPUIPlugin:80 - create IPUIPlugin
2025-01-04 11:21:06,697 [INFO] PluginManager:220 - loadIPPluginJar : add hash
2025-01-04 11:21:06,783 [INFO] IPUIPlugin:80 - create IPUIPlugin
2025-01-04 11:21:06,783 [INFO] PluginManager:220 - loadIPPluginJar : add i2c
2025-01-04 11:21:06,844 [INFO] IPUIPlugin:80 - create IPUIPlugin
2025-01-04 11:21:06,844 [INFO] PluginManager:220 - loadIPPluginJar : add i2s
2025-01-04 11:21:06,919 [INFO] IPUIPlugin:80 - create IPUIPlugin
2025-01-04 11:21:06,919 [INFO] PluginManager:220 - loadIPPluginJar : add i3c
2025-01-04 11:21:07,072 [INFO] IPUIPlugin:80 - create IPUIPlugin
2025-01-04 11:21:07,072 [INFO] PluginManager:220 - loadIPPluginJar : add ipddr
2025-01-04 11:21:07,235 [INFO] IPUIPlugin:80 - create IPUIPlugin
2025-01-04 11:21:07,237 [INFO] PluginManager:220 - loadIPPluginJar : add linkedlist
2025-01-04 11:21:07,292 [INFO] IPUIPlugin:80 - create IPUIPlugin
2025-01-04 11:21:07,294 [INFO] PluginManager:220 - loadIPPluginJar : add lorawan
2025-01-04 11:21:07,304 [INFO] ThirdPartyUpdaterWithRetryManager:70 - Updater plugin not ready yet. [2/15]
2025-01-04 11:21:07,352 [INFO] IPUIPlugin:80 - create IPUIPlugin
2025-01-04 11:21:07,352 [INFO] PluginManager:220 - loadIPPluginJar : add ltdc
2025-01-04 11:21:07,374 [INFO] IPUIPlugin:80 - create IPUIPlugin
2025-01-04 11:21:07,374 [INFO] PluginManager:220 - loadIPPluginJar : add mdma
2025-01-04 11:21:07,395 [INFO] IPUIPlugin:80 - create IPUIPlugin
2025-01-04 11:21:07,395 [INFO] PluginManager:220 - loadIPPluginJar : add nvic
2025-01-04 11:21:07,455 [INFO] IPUIPlugin:80 - create IPUIPlugin
2025-01-04 11:21:07,455 [INFO] PluginManager:220 - loadIPPluginJar : add opamp
2025-01-04 11:21:07,553 [INFO] IPUIPlugin:80 - create IPUIPlugin
2025-01-04 11:21:07,554 [INFO] PluginManager:220 - loadIPPluginJar : add openamp
2025-01-04 11:21:07,624 [INFO] IPUIPlugin:80 - create IPUIPlugin
2025-01-04 11:21:07,624 [INFO] PluginManager:220 - loadIPPluginJar : add pdm2pcm
2025-01-04 11:21:07,649 [INFO] IPUIPlugin:80 - create IPUIPlugin
2025-01-04 11:21:07,652 [INFO] PluginManager:220 - loadIPPluginJar : add plateformsettings
2025-01-04 11:21:07,687 [INFO] IPUIPlugin:80 - create IPUIPlugin
2025-01-04 11:21:07,687 [INFO] PluginManager:220 - loadIPPluginJar : add quadspi
2025-01-04 11:21:07,728 [INFO] IPUIPlugin:80 - create IPUIPlugin
2025-01-04 11:21:07,729 [INFO] PluginManager:220 - loadIPPluginJar : add radio
2025-01-04 11:21:07,749 [INFO] IPUIPlugin:80 - create IPUIPlugin
2025-01-04 11:21:07,749 [INFO] PluginManager:220 - loadIPPluginJar : add resmgrutility
2025-01-04 11:21:07,821 [INFO] IPUIPlugin:80 - create IPUIPlugin
2025-01-04 11:21:07,821 [INFO] PluginManager:220 - loadIPPluginJar : add sai
2025-01-04 11:21:07,879 [INFO] IPUIPlugin:80 - create IPUIPlugin
2025-01-04 11:21:07,879 [INFO] PluginManager:220 - loadIPPluginJar : add spi
2025-01-04 11:21:07,985 [INFO] IPUIPlugin:80 - create IPUIPlugin
2025-01-04 11:21:07,985 [INFO] PluginManager:220 - loadIPPluginJar : add stm32_wpan
2025-01-04 11:21:08,023 [INFO] IPUIPlugin:80 - create IPUIPlugin
2025-01-04 11:21:08,024 [INFO] PluginManager:220 - loadIPPluginJar : add tim
2025-01-04 11:21:08,112 [INFO] IPUIPlugin:80 - create IPUIPlugin
2025-01-04 11:21:08,113 [INFO] PluginManager:220 - loadIPPluginJar : add touchsensing
2025-01-04 11:21:08,149 [INFO] IPUIPlugin:80 - create IPUIPlugin
2025-01-04 11:21:08,150 [INFO] PluginManager:220 - loadIPPluginJar : add tracer_emb
2025-01-04 11:21:08,185 [INFO] IPUIPlugin:80 - create IPUIPlugin
2025-01-04 11:21:08,185 [INFO] PluginManager:220 - loadIPPluginJar : add ts
2025-01-04 11:21:08,220 [INFO] IPUIPlugin:80 - create IPUIPlugin
2025-01-04 11:21:08,220 [INFO] PluginManager:220 - loadIPPluginJar : add tsc
2025-01-04 11:21:08,254 [INFO] IPUIPlugin:80 - create IPUIPlugin
2025-01-04 11:21:08,254 [INFO] PluginManager:220 - loadIPPluginJar : add ucpd
2025-01-04 11:21:08,320 [INFO] IPUIPlugin:80 - create IPUIPlugin
2025-01-04 11:21:08,320 [INFO] PluginManager:220 - loadIPPluginJar : add usart
2025-01-04 11:21:08,385 [INFO] IPUIPlugin:80 - create IPUIPlugin
2025-01-04 11:21:08,386 [INFO] PluginManager:220 - loadIPPluginJar : add usbx
2025-01-04 11:21:08,535 [INFO] CADModel:165 - CPN selected for project level
2025-01-04 11:21:08,536 [INFO] CADModel:114 - Register for checkConnection events
2025-01-04 11:21:08,536 [FATAL] Updater:334 - Updater called before beeing initialized
2025-01-04 11:21:08,536 [ERROR] CADModel:125 - Updater not yet initialized, retry later 
2025-01-04 11:21:08,740 [INFO] CADModel:165 - CPN selected for project level
2025-01-04 11:21:08,740 [INFO] CADModel:114 - Register for checkConnection events
2025-01-04 11:21:08,740 [FATAL] Updater:334 - Updater called before beeing initialized
2025-01-04 11:21:08,740 [ERROR] CADModel:125 - Updater not yet initialized, retry later 
2025-01-04 11:21:08,744 [FATAL] Updater:334 - Updater called before beeing initialized
2025-01-04 11:21:08,878 [FATAL] Updater:334 - Updater called before beeing initialized
2025-01-04 11:21:08,892 [INFO] DbMcusAds:53 - JSON generation date=Fri Sep 20 15:04:23 CEST 2024 (1726837463113)
2025-01-04 11:21:08,892 [FATAL] Updater:334 - Updater called before beeing initialized
2025-01-04 11:21:08,937 [WARN] DetailPanel:346 - Failed to get advertising image, set to default
2025-01-04 11:21:09,038 [FATAL] Updater:334 - Updater called before beeing initialized
2025-01-04 11:21:09,040 [FATAL] Updater:334 - Updater called before beeing initialized
2025-01-04 11:21:09,040 [FATAL] Updater:334 - Updater called before beeing initialized
2025-01-04 11:21:09,040 [WARN] DetailPanel:346 - Failed to get advertising image, set to default
2025-01-04 11:21:09,042 [FATAL] Updater:334 - Updater called before beeing initialized
2025-01-04 11:21:09,132 [ERROR] Updater:1164 - MainUpdater not yet initialized. External WinMGr cannot be set.
2025-01-04 11:21:09,147 [INFO] Updater:1100 - Updater Version found : 6.12.1
2025-01-04 11:21:09,174 [INFO] ApplicationProperties:184 - Using Application install path: C:\ST\STM32CubeIDE_1.16.1\STM32CubeIDE\plugins\com.st.stm32cube.common.mx_6.12.1.202409122256
2025-01-04 11:21:10,306 [INFO] ThirdPartyUpdaterWithRetryManager:70 - Updater plugin not ready yet. [3/15]
2025-01-04 11:21:10,774 [ERROR] LogOutputStream:75 - [STDERR_REDIRECT] Jan 04, 2025 11:21:10 AM java.util.prefs.WindowsPreferences <init>
2025-01-04 11:21:10,778 [ERROR] LogOutputStream:75 - [STDERR_REDIRECT] WARNING: Could not open/create prefs root node Software\JavaSoft\Prefs at root 0xffffffff80000002. Windows RegCreateKeyEx(...) returned error code 5.
2025-01-04 11:21:10,778 [ERROR] LogOutputStream:75 - [STDERR_REDIRECT] 
2025-01-04 11:21:11,953 [INFO] MainUpdater:2873 - connection check result : 10
2025-01-04 11:21:11,954 [INFO] MainUpdater:290 - Updater Check For Update Now.
2025-01-04 11:21:11,954 [INFO] MicroXplorer:498 - Change Database Version : DB.6.0.121
2025-01-04 11:21:12,005 [INFO] McuFinderGlobals:63 - Set McuFinder mode to 2 (CubeIDE integrated)
2025-01-04 11:21:12,021 [INFO] UserAuth:417 - Internet connection configuration mode: 1
2025-01-04 11:21:12,073 [INFO] JxBrowserEngine:152 - Initiate JxBrowser Engine with user profile folder
2025-01-04 11:21:12,359 [INFO] CheckServerUpdateThread:120 - End of CheckServer Thread
2025-01-04 11:21:13,702 [WARN] PackLoader:240 - Cannot read IP mode file for STMicroelectronics.FP-SNS-MOTENVWB1.1.4.0
2025-01-04 11:21:13,732 [WARN] PackLoader:240 - Cannot read IP mode file for STMicroelectronics.FP-ATR-ASTRA1.2.0.1
2025-01-04 11:21:13,756 [WARN] PackLoader:240 - Cannot read IP mode file for STMicroelectronics.X-CUBE-SMBUS.2.1.0
2025-01-04 11:21:13,784 [WARN] PackLoader:240 - Cannot read IP mode file for STMicroelectronics.X-CUBE-WB05N.1.1.0
2025-01-04 11:21:13,854 [WARN] PackLoader:240 - Cannot read IP mode file for STMicroelectronics.X-CUBE-AZRTOS-F7.1.1.0
2025-01-04 11:21:13,992 [WARN] PackLoader:240 - Cannot read IP mode file for STMicroelectronics.X-CUBE-MEMS1.11.0.0
2025-01-04 11:21:14,272 [WARN] PackLoader:240 - Cannot read IP mode file for STMicroelectronics.FP-SNS-FLIGHT1.5.0.2
2025-01-04 11:21:14,327 [WARN] PackLoader:240 - Cannot read IP mode file for STMicroelectronics.X-CUBE-DISPLAY.3.0.0
2025-01-04 11:21:14,360 [WARN] PackLoader:240 - Cannot read IP mode file for STMicroelectronics.X-CUBE-BLE1.7.0.0
2025-01-04 11:21:14,389 [WARN] PackLoader:240 - Cannot read IP mode file for STMicroelectronics.X-CUBE-NFC10.1.0.0
2025-01-04 11:21:14,428 [WARN] PackLoader:240 - Cannot read IP mode file for STMicroelectronics.X-CUBE-BLEMGR.4.0.0
2025-01-04 11:21:14,458 [WARN] PackLoader:240 - Cannot read IP mode file for emotas.I-CUBE-CANOPEN.1.3.0
2025-01-04 11:21:14,484 [WARN] PackLoader:240 - Cannot read IP mode file for STMicroelectronics.X-CUBE-BLEMGR.3.1.0
2025-01-04 11:21:14,509 [WARN] PackLoader:240 - Cannot read IP mode file for STMicroelectronics.FP-SNS-SMARTAG2.1.2.0
2025-01-04 11:21:14,624 [WARN] PackLoader:240 - Cannot read IP mode file for STMicroelectronics.X-CUBE-MEMS1.11.1.0
2025-01-04 11:21:14,825 [INFO] LogOutputStream:77 - [STDOUT_REDIRECT] 1 : Invalid condition id : UX_CORESTACK_Condition cause : null
2025-01-04 11:21:14,827 [INFO] LogOutputStream:77 - [STDOUT_REDIRECT] 1 : Invalid condition id : UX_CORESTACK_Condition cause : null
2025-01-04 11:21:14,829 [INFO] LogOutputStream:77 - [STDOUT_REDIRECT] 1 : Invalid condition id : UX_CORESTACK_Condition cause : null
2025-01-04 11:21:14,830 [INFO] LogOutputStream:77 - [STDOUT_REDIRECT] 1 : Invalid condition id : UX_CORESTACK_Condition cause : null
2025-01-04 11:21:14,832 [INFO] LogOutputStream:77 - [STDOUT_REDIRECT] 1 : Invalid condition id : UX_CORESTACK_Condition cause : null
2025-01-04 11:21:14,836 [WARN] PackLoader:240 - Cannot read IP mode file for STMicroelectronics.X-CUBE-AZRTOS-WL.2.0.0
2025-01-04 11:21:14,862 [WARN] PackLoader:240 - Cannot read IP mode file for STMicroelectronics.FP-SNS-MOTENV1.5.0.0
2025-01-04 11:21:14,886 [WARN] PackLoader:240 - Cannot read IP mode file for wolfSSL.I-CUBE-wolfMQTT.1.19.0
2025-01-04 11:21:14,911 [WARN] PackLoader:240 - Cannot read IP mode file for WES.I-CUBE-Cesium.1.3.0
2025-01-04 11:21:14,941 [WARN] PackLoader:240 - Cannot read IP mode file for STMicroelectronics.X-CUBE-BLE2.3.3.0
2025-01-04 11:21:14,966 [WARN] PackLoader:240 - Cannot read IP mode file for STMicroelectronics.X-CUBE-NFC9.1.0.0
2025-01-04 11:21:14,991 [WARN] PackLoader:240 - Cannot read IP mode file for STMicroelectronics.X-CUBE-TCPP.4.1.0
2025-01-04 11:21:15,041 [WARN] PackLoader:240 - Cannot read IP mode file for STMicroelectronics.X-CUBE-AZRTOS-G0.1.1.0
2025-01-04 11:21:15,074 [WARN] PackLoader:240 - Cannot read IP mode file for STMicroelectronics.X-CUBE-SAFEA1.1.2.2
2025-01-04 11:21:15,108 [WARN] PackLoader:240 - Cannot read IP mode file for STMicroelectronics.X-CUBE-NFC4.3.0.0
2025-01-04 11:21:15,145 [WARN] PackLoader:240 - Cannot read IP mode file for EmbeddedOffice.I-CUBE-FS-RTOS.1.0.1
2025-01-04 11:21:15,146 [ERROR] ConditionMgr:805 - Attr not supported : Dmpu
2025-01-04 11:21:15,146 [ERROR] ConditionMgr:805 - Attr not supported : Dmpu
2025-01-04 11:21:15,146 [ERROR] ConditionMgr:805 - Attr not supported : Dmpu
2025-01-04 11:21:15,146 [ERROR] ConditionMgr:805 - Attr not supported : Dmpu
2025-01-04 11:21:15,146 [ERROR] ConditionMgr:805 - Attr not supported : Dmpu
2025-01-04 11:21:15,146 [ERROR] ConditionMgr:805 - Attr not supported : Dmpu
2025-01-04 11:21:15,148 [ERROR] ConditionMgr:805 - Attr not supported : Dmpu
2025-01-04 11:21:15,148 [ERROR] ConditionMgr:805 - Attr not supported : Dmpu
2025-01-04 11:21:15,148 [ERROR] ConditionMgr:805 - Attr not supported : Dmpu
2025-01-04 11:21:15,148 [ERROR] ConditionMgr:805 - Attr not supported : Dmpu
2025-01-04 11:21:15,148 [ERROR] ConditionMgr:805 - Attr not supported : Dmpu
2025-01-04 11:21:15,148 [ERROR] ConditionMgr:805 - Attr not supported : Dmpu
2025-01-04 11:21:15,149 [ERROR] ConditionMgr:805 - Attr not supported : Dmpu
2025-01-04 11:21:15,149 [ERROR] ConditionMgr:805 - Attr not supported : Dmpu
2025-01-04 11:21:15,149 [ERROR] ConditionMgr:805 - Attr not supported : Dmpu
2025-01-04 11:21:15,149 [ERROR] ConditionMgr:805 - Attr not supported : Dmpu
2025-01-04 11:21:15,149 [ERROR] ConditionMgr:805 - Attr not supported : Dmpu
2025-01-04 11:21:15,150 [ERROR] ConditionMgr:805 - Attr not supported : Dmpu
2025-01-04 11:21:15,150 [ERROR] ConditionMgr:805 - Attr not supported : Dmpu
2025-01-04 11:21:15,150 [ERROR] ConditionMgr:805 - Attr not supported : Dmpu
2025-01-04 11:21:15,150 [ERROR] ConditionMgr:805 - Attr not supported : Dmpu
2025-01-04 11:21:15,150 [ERROR] ConditionMgr:805 - Attr not supported : Dmpu
2025-01-04 11:21:15,150 [ERROR] ConditionMgr:805 - Attr not supported : Dmpu
2025-01-04 11:21:15,150 [ERROR] ConditionMgr:805 - Attr not supported : Dmpu
2025-01-04 11:21:15,150 [ERROR] ConditionMgr:805 - Attr not supported : Dmpu
2025-01-04 11:21:15,150 [ERROR] ConditionMgr:805 - Attr not supported : Dmpu
2025-01-04 11:21:15,152 [ERROR] ConditionMgr:805 - Attr not supported : Dmpu
2025-01-04 11:21:15,152 [ERROR] ConditionMgr:805 - Attr not supported : Dmpu
2025-01-04 11:21:15,152 [ERROR] ConditionMgr:805 - Attr not supported : Dmpu
2025-01-04 11:21:15,152 [ERROR] ConditionMgr:805 - Attr not supported : Dmpu
2025-01-04 11:21:15,152 [ERROR] ConditionMgr:805 - Attr not supported : Dmpu
2025-01-04 11:21:15,152 [ERROR] ConditionMgr:805 - Attr not supported : Dmpu
2025-01-04 11:21:15,152 [ERROR] ConditionMgr:805 - Attr not supported : Dmpu
2025-01-04 11:21:15,153 [ERROR] ConditionMgr:805 - Attr not supported : Dmpu
2025-01-04 11:21:15,153 [ERROR] ConditionMgr:805 - Attr not supported : Dmpu
2025-01-04 11:21:15,153 [ERROR] ConditionMgr:805 - Attr not supported : Dmpu
2025-01-04 11:21:15,154 [ERROR] ConditionMgr:805 - Attr not supported : Dmpu
2025-01-04 11:21:15,154 [ERROR] ConditionMgr:805 - Attr not supported : Dmpu
2025-01-04 11:21:15,154 [ERROR] ConditionMgr:805 - Attr not supported : Dmpu
2025-01-04 11:21:15,154 [ERROR] ConditionMgr:805 - Attr not supported : Dmpu
2025-01-04 11:21:15,155 [ERROR] ConditionMgr:805 - Attr not supported : Dmpu
2025-01-04 11:21:15,155 [ERROR] ConditionMgr:805 - Attr not supported : Dmpu
2025-01-04 11:21:15,155 [ERROR] ConditionMgr:805 - Attr not supported : Dmpu
2025-01-04 11:21:15,155 [ERROR] ConditionMgr:805 - Attr not supported : Dmpu
2025-01-04 11:21:15,155 [ERROR] ConditionMgr:805 - Attr not supported : Dmpu
2025-01-04 11:21:15,155 [ERROR] ConditionMgr:805 - Attr not supported : Dmpu
2025-01-04 11:21:15,155 [ERROR] ConditionMgr:805 - Attr not supported : Dmpu
2025-01-04 11:21:15,155 [ERROR] ConditionMgr:805 - Attr not supported : Dmpu
2025-01-04 11:21:15,156 [ERROR] ConditionMgr:805 - Attr not supported : Dmpu
2025-01-04 11:21:15,156 [ERROR] ConditionMgr:805 - Attr not supported : Dmpu
2025-01-04 11:21:15,156 [ERROR] ConditionMgr:805 - Attr not supported : Dmpu
2025-01-04 11:21:15,156 [ERROR] ConditionMgr:805 - Attr not supported : Dmpu
2025-01-04 11:21:15,156 [ERROR] ConditionMgr:805 - Attr not supported : Dmpu
2025-01-04 11:21:15,156 [ERROR] ConditionMgr:805 - Attr not supported : Dmpu
2025-01-04 11:21:15,156 [ERROR] ConditionMgr:805 - Attr not supported : Dmpu
2025-01-04 11:21:15,156 [ERROR] ConditionMgr:805 - Attr not supported : Dmpu
2025-01-04 11:21:15,156 [ERROR] ConditionMgr:805 - Attr not supported : Dmpu
2025-01-04 11:21:15,156 [ERROR] ConditionMgr:805 - Attr not supported : Dmpu
2025-01-04 11:21:15,156 [ERROR] ConditionMgr:805 - Attr not supported : Dmpu
2025-01-04 11:21:15,156 [ERROR] ConditionMgr:805 - Attr not supported : Dmpu
2025-01-04 11:21:15,156 [ERROR] ConditionMgr:805 - Attr not supported : Dmpu
2025-01-04 11:21:15,157 [ERROR] ConditionMgr:805 - Attr not supported : Dmpu
2025-01-04 11:21:15,157 [ERROR] ConditionMgr:805 - Attr not supported : Dmpu
2025-01-04 11:21:15,157 [ERROR] ConditionMgr:805 - Attr not supported : Dmpu
2025-01-04 11:21:15,181 [ERROR] Engine:466 - C:\Users\arthu\.stm32cubemx\thirdparties\pdsc\STMicroelectronics.X-CUBE-TCPP.4.2.0.pdsc: PDSC version is not supported
2025-01-04 11:21:15,209 [WARN] PackLoader:240 - Cannot read IP mode file for RealThread.X-CUBE-RT-Thread_Nano.4.1.1
2025-01-04 11:21:15,235 [WARN] PackLoader:240 - Cannot read IP mode file for STMicroelectronics.FP-ATR-SIGFOX1.3.2.0
2025-01-04 11:21:15,259 [WARN] PackLoader:240 - Cannot read IP mode file for wolfSSL.I-CUBE-wolfSSL.5.7.2
2025-01-04 11:21:15,287 [WARN] ConditionMgr:438 - getConditionDescription Invalid condition id : Cortex-A Device cause : null
2025-01-04 11:21:15,328 [WARN] ConditionMgr:1039 - genDependencies : Invalid condition id : Cortex-A Device cause : null
2025-01-04 11:21:15,328 [WARN] ConditionMgr:1039 - genDependencies : Invalid condition id : Cortex-A Device cause : null
2025-01-04 11:21:15,328 [WARN] ConditionMgr:1039 - genDependencies : Invalid condition id : Cortex-A Device cause : null
2025-01-04 11:21:15,354 [WARN] PackLoader:240 - Cannot read IP mode file for STMicroelectronics.X-CUBE-EEPRMA1.5.1.0
2025-01-04 11:21:15,390 [WARN] PackLoader:240 - Cannot read IP mode file for ITTIA_DB.I-CUBE-ITTIADB.8.9.0
2025-01-04 11:21:15,449 [WARN] PackLoader:240 - Cannot read IP mode file for SEGGER.I-CUBE-embOS.1.3.1
2025-01-04 11:21:15,558 [WARN] PackLoader:240 - Cannot read IP mode file for STMicroelectronics.X-CUBE-ALGOBUILD.1.4.0
2025-01-04 11:21:15,586 [WARN] PackLoader:240 - Cannot read IP mode file for STMicroelectronics.X-CUBE-AI.9.1.0
2025-01-04 11:21:15,629 [WARN] PackLoader:240 - Cannot read IP mode file for STMicroelectronics.X-CUBE-AZRTOS-F4.1.1.0
2025-01-04 11:21:15,656 [WARN] PackLoader:240 - Cannot read IP mode file for STMicroelectronics.X-CUBE-ISPU.2.1.0
2025-01-04 11:21:15,678 [WARN] PackLoader:240 - Cannot read IP mode file for STMicroelectronics.X-CUBE-FREERTOS.1.2.0
2025-01-04 11:21:15,729 [WARN] PackLoader:240 - Cannot read IP mode file for STMicroelectronics.X-CUBE-AZRTOS-L5.2.0.0
2025-01-04 11:21:15,760 [WARN] PackLoader:240 - Cannot read IP mode file for STMicroelectronics.X-CUBE-NFC6.3.1.0
2025-01-04 11:21:15,788 [WARN] PackLoader:240 - Cannot read IP mode file for STMicroelectronics.X-CUBE-DPower.1.2.0
2025-01-04 11:21:15,811 [WARN] PackLoader:240 - Cannot read IP mode file for STMicroelectronics.X-CUBE-FREERTOS.1.3.0
2025-01-04 11:21:15,835 [WARN] PackLoader:240 - Cannot read IP mode file for STMicroelectronics.X-CUBE-NFC7.1.0.1
2025-01-04 11:21:15,883 [WARN] ConditionMgr:438 - getConditionDescription Invalid condition id : LAN8742 Phy interface Condition cause : null
2025-01-04 11:21:15,884 [WARN] PackLoader:240 - Cannot read IP mode file for STMicroelectronics.X-CUBE-AZRTOS-L4.2.0.0
2025-01-04 11:21:15,885 [WARN] ConditionMgr:1039 - genDependencies : Invalid condition id : LAN8742 Phy interface Condition cause : null
2025-01-04 11:21:15,885 [WARN] ConditionMgr:1039 - genDependencies : Invalid condition id : LAN8742 Phy interface Condition cause : null
2025-01-04 11:21:15,886 [WARN] ConditionMgr:1039 - genDependencies : Invalid condition id : LAN8742 Phy interface Condition cause : null
2025-01-04 11:21:15,918 [WARN] PackLoader:240 - Cannot read IP mode file for STMicroelectronics.X-CUBE-SFXS2LP1.4.0.0
2025-01-04 11:21:15,969 [WARN] PackLoader:240 - Cannot read IP mode file for STMicroelectronics.X-CUBE-AZRTOS-H7.3.3.0
2025-01-04 11:21:16,006 [WARN] PackLoader:240 - Cannot read IP mode file for STMicroelectronics.X-CUBE-IPS.3.0.0
2025-01-04 11:21:16,052 [WARN] ConditionMgr:438 - getConditionDescription Invalid condition id : UX DEVICE CLASS RTOS Condition cause : null
2025-01-04 11:21:16,052 [WARN] ConditionMgr:438 - getConditionDescription Invalid condition id : UX DEVICE CLASS RTOS Condition cause : null
2025-01-04 11:21:16,054 [WARN] PackLoader:240 - Cannot read IP mode file for STMicroelectronics.X-CUBE-AZRTOS-WB.2.0.0
2025-01-04 11:21:16,055 [WARN] ConditionMgr:1039 - genDependencies : Invalid condition id : UX DEVICE CLASS RTOS Condition cause : null
2025-01-04 11:21:16,055 [WARN] ConditionMgr:1039 - genDependencies : Invalid condition id : UX DEVICE CLASS RTOS Condition cause : null
2025-01-04 11:21:16,056 [WARN] ConditionMgr:1039 - genDependencies : Invalid condition id : UX DEVICE CLASS RTOS Condition cause : null
2025-01-04 11:21:16,057 [WARN] ConditionMgr:1039 - genDependencies : Invalid condition id : UX DEVICE CLASS RTOS Condition cause : null
2025-01-04 11:21:16,057 [WARN] ConditionMgr:1039 - genDependencies : Invalid condition id : UX DEVICE CLASS RTOS Condition cause : null
2025-01-04 11:21:16,087 [WARN] PackLoader:240 - Cannot read IP mode file for STMicroelectronics.X-CUBE-GNSS1.7.0.0
2025-01-04 11:21:16,117 [WARN] PackLoader:240 - Cannot read IP mode file for STMicroelectronics.X-CUBE-GNSS1.7.0.1
2025-01-04 11:21:16,151 [WARN] PackLoader:240 - Cannot read IP mode file for STMicroelectronics.FP-SNS-STBOX1.2.0.0
2025-01-04 11:21:16,189 [WARN] PackLoader:240 - Cannot read IP mode file for STMicroelectronics.X-CUBE-SUBG2.5.0.0
2025-01-04 11:21:16,219 [WARN] PackLoader:240 - Cannot read IP mode file for Cesanta.I-CUBE-Mongoose.7.13.0
2025-01-04 11:21:16,255 [WARN] PackLoader:240 - Cannot read IP mode file for STMicroelectronics.X-CUBE-AZRTOS-G4.2.0.0
2025-01-04 11:21:16,281 [WARN] PackLoader:240 - Cannot read IP mode file for STMicroelectronics.X-CUBE-ALS.1.0.2
2025-01-04 11:21:16,305 [WARN] PackLoader:240 - Cannot read IP mode file for STMicroelectronics.X-CUBE-TOUCHGFX.4.24.1
2025-01-04 11:21:16,330 [WARN] PackLoader:240 - Cannot read IP mode file for wolfSSL.I-CUBE-wolfTPM.3.4.0
2025-01-04 11:21:16,359 [WARN] PackLoader:240 - Cannot read IP mode file for portGmbH.I-Cube-SoM-uGOAL.1.1.0
2025-01-04 11:21:16,406 [WARN] PackLoader:240 - Cannot read IP mode file for STMicroelectronics.X-CUBE-AZRTOS-H7RS.1.0.0
2025-01-04 11:21:16,433 [WARN] PackLoader:240 - Cannot read IP mode file for STMicroelectronics.FP-ATR-ASTRA1.2.0.0
2025-01-04 11:21:16,470 [WARN] PackLoader:240 - Cannot read IP mode file for STMicroelectronics.X-CUBE-TOF1.3.4.2
2025-01-04 11:21:16,536 [WARN] PackLoader:240 - Cannot read IP mode file for Infineon.AIROC-Wi-Fi-Bluetooth-STM32.1.6.1
2025-01-04 11:21:16,560 [WARN] PackLoader:240 - Cannot read IP mode file for wolfSSL.I-CUBE-wolfSSH.1.4.17
2025-01-04 11:21:16,561 [INFO] ThirdParty:978 - Integrity check success = true
2025-01-04 11:21:16,561 [INFO] IntegrityCheckThread:100 - exiting critical section [integrity check]
2025-01-04 11:21:16,561 [INFO] IntegrityCheckThread:103 - End integrity checks thread
2025-01-04 11:21:21,638 [INFO] WebApp:167 - Instantiating new browser for Auth
2025-01-04 11:21:22,620 [INFO] WebApp:448 - Apply proxy settings
2025-01-04 11:21:22,620 [INFO] WebApp:533 - Chromium requires no authentication
2025-01-04 11:21:22,638 [INFO] WebApp:476 - Direct internet connection detected
2025-01-04 11:21:22,684 [INFO] WebApp:869 - Register for checkConnection events
2025-01-04 11:21:22,685 [INFO] WebApp:448 - Apply proxy settings
2025-01-04 11:21:22,685 [INFO] WebApp:533 - Chromium requires no authentication
2025-01-04 11:21:22,685 [INFO] WebApp:476 - Direct internet connection detected
2025-01-04 11:21:22,962 [INFO] WebApp:220 - Starting web application
2025-01-04 11:21:22,962 [INFO] WebApp:578 - Web application path used C:\ST\STM32CubeIDE_1.16.1\STM32CubeIDE\plugins\com.st.stm32cube.common.mx_6.12.1.202409122256\db\plugins\mcufinder\reactClient1\index.html
2025-01-04 11:21:23,201 [INFO] UserAuth:417 - Internet connection configuration mode: 1
2025-01-04 11:21:23,797 [INFO] WebApp:186 - Connection restablished
2025-01-04 11:23:34,578 [ERROR] LogOutputStream:75 - [STDERR_REDIRECT] 
2025-01-04 11:23:34,579 [ERROR] LogOutputStream:75 - [STDERR_REDIRECT] 
